   12  sudo yum update
   15  sudo yum update
   16  sudo yum clean
   17  sudo yum cleancache
   18  man yum
   19  sudo yum makecache
   24  sudo yum update
   42  sudo yum install -y wget
   48  sudo yum-config-manager --add-repo https://download.sublimetext.com/rpm/stable/x86_64/sublime-text.repo
   49  sudo yum install -y sublie-text
   50  sudo yum install -y sublim-text
   51  sudo yum install -y sublime-text
   52  sudo yum install -y yum-config-managerment
   53  sudo yum install -y yum-config-manager
   54  sudo yum search yum-config-manager
   55  sudo yum install -y yum-utils
   56  sudo yum-config-manager --add-repo https://download.sublimetext.com/rpm/stable/x86_64/sublime-text.repo
   57  sudo yum install -y sublime-text
   65  sudo yum update
   68  yum search xclipboard
  125  sudo yum install vim terminator
  126  mport https://packages.microsoft.com/keys/microsoft.ascsudo yum install vim terminator
  128  sudo sh -c 'echo -e "[code]\nname=Visual Studio Code\nbaseurl=https://packages.microsoft.com/yumrepos/vscode\nenabled=1\ngpgcheck=1\ngpgkey=https://packages.microsoft.com/keys/microsoft.asc" > /etc/yum.repos.d/vscode.repo'
  129  yum check-update
  130  sudo yum install code
  138  sudo yum remove docker                   docker-client                   docker-client-latest                   docker-common                   docker-latest                   docker-latest-logrotate                   docker-logrotate                   docker-engine
  139  sudo yum install -y yum-utils
  140  sudo yum-config-manager     --add-repo     https://download.docker.com/linux/centos/docker-ce.repo
  141  sudo yum install docker-ce docker-ce-cli containerd.io docker-compose-plugin
  244  sudo yum installl jq
  245  sudo yum install jq
  299  history |grep yum
  382  sudo yum install ng
  383  sudo yum search ng
  384  sudo yum search angular
  385  sudo yum search ng |grep node
  456  sudo yum search nodejs
  457  sudo yum search nodejs|less
  458  sudo yum install nodejs
  473  sudo yum install mongodb
  474  sudo vim /etc/yum.repos.d/mongodb.repo
  475  yum update
  476  sudo yum update
  477  sudo yum install mongodb-clients
  478  sudo yum install mongodb-client
  479  sudo yum install mongodb
  480  yum update
  481  sudo yum update
  482  sudo yum install mongodb-cli
  483  sudo yum update
  484  sudo yum install mongodb-cli
  486  sudo yum install mongodb-org
  496  sudo yum search npm
  497  sudo yum install npm
  577  sudo  yum groupinstall "Virtualization Host"
  588  sudo yum install fping wkhtmltopdf yq
  593  cat <<EOF | sudo tee /etc/yum.repos.d/kubernetes.repo
  596  baseurl=https://packages.cloud.google.com/yum/repos/kubernetes-el7-x86_64
  600  gpgkey=https://packages.cloud.google.com/yum/doc/yum-key.gpg https://packages.cloud.google.com/yum/doc/rpm-package-key.gpg
  602  sudo yum install -y kubectl
  603  cat /etc/yum.repos.d/kubernetes.repo 
  604  sudo yum install kubectl
  605  sudo vim /etc/yum.repos.d/kubernetes.repo 
  606  sudo yum update
  607  sudo yum install kubectl
  640  sudo yum search yq
  656  sudo yum install pip
  657  sudo yum search pip
  666  sudo yum install python3
  753  sudo yum search kvm-ok
  756  yum provides kvm-ok
  765  sudo yum install fping
  766  yum
  767  sudo vim /usr/bin/yum
  768  sudo yum install fping wkhtmltopdf yq
  770  sudo yum install fping wkhtmltopdf yq
  775  sudo yum-config-manager --add-repo https://rpm.releases.hashicorp.com/RHEL/hashicorp.repo
  776  sudo yum -y install libvirt-daemon-kvm libvirt-client vagrant gcc-c++ make libstdc++-devel libvirt-devel
  779  sudo vim /usr/bin/yum-config-manager 
  780  sudo yum-config-manager --add-repo https://rpm.releases.hashicorp.com/RHEL/hashicorp.repo
  781  sudo yum -y install libvirt-daemon-kvm libvirt-client vagrant gcc-c++ make libstdc++-devel libvirt-devel
  793  history |grep yum
  794  history |grep yum > historial-yum.log 
